ott-30 16:26:32.522 [main] DEBUG nextflow.cli.Launcher - $> nextflow run main.nf --help
ott-30 16:26:32.621 [main] DEBUG nextflow.cli.CmdRun - N E X T F L O W  ~  version 24.04.4
ott-30 16:26:32.657 [main] DEBUG nextflow.plugin.PluginsFacade - Setting up plugin manager > mode=prod; embedded=false; plugins-dir=/home/patrick/.nextflow/plugins; core-plugins: nf-amazon@2.5.3,nf-azure@1.6.1,nf-cloudcache@0.4.1,nf-codecommit@0.2.1,nf-console@1.1.3,nf-ga4gh@1.3.0,nf-google@1.13.2-patch1,nf-tower@1.9.1,nf-wave@1.4.2-patch1
ott-30 16:26:32.668 [main] INFO  o.pf4j.DefaultPluginStatusProvider - Enabled plugins: []
ott-30 16:26:32.669 [main] INFO  o.pf4j.DefaultPluginStatusProvider - Disabled plugins: []
ott-30 16:26:32.673 [main] INFO  org.pf4j.DefaultPluginManager - PF4J version 3.12.0 in 'deployment' mode
ott-30 16:26:32.687 [main] INFO  org.pf4j.AbstractPluginManager - No plugins
ott-30 16:26:32.709 [main] DEBUG nextflow.config.ConfigBuilder - Found config local: /home/patrick/projects/Microbion/genomics/assembly/WFs_EPI2ME/wf-ubcg2/nextflow.config
ott-30 16:26:32.712 [main] DEBUG nextflow.config.ConfigBuilder - Parsing config file: /home/patrick/projects/Microbion/genomics/assembly/WFs_EPI2ME/wf-ubcg2/nextflow.config
ott-30 16:26:32.740 [main] DEBUG n.secret.LocalSecretsProvider - Secrets store: /home/patrick/.nextflow/secrets/store.json
ott-30 16:26:32.744 [main] DEBUG nextflow.secret.SecretsLoader - Discovered secrets providers: [nextflow.secret.LocalSecretsProvider@6ecd665] - activable => nextflow.secret.LocalSecretsProvider@6ecd665
ott-30 16:26:32.759 [main] DEBUG nextflow.config.ConfigBuilder - Applying config profile: `standard`
ott-30 16:26:33.672 [main] DEBUG nextflow.cli.CmdRun - Applied DSL=2 from script declaration
ott-30 16:26:33.690 [main] DEBUG nextflow.cli.CmdRun - Launching `main.nf` [wise_becquerel] DSL2 - revision: cd39008b74
ott-30 16:26:33.692 [main] DEBUG nextflow.plugin.PluginsFacade - Plugins default=[]
ott-30 16:26:33.693 [main] DEBUG nextflow.plugin.PluginsFacade - Plugins resolved requirement=[]
ott-30 16:26:33.756 [main] DEBUG nextflow.Session - Session UUID: 432b78d2-7dcc-4d42-af7a-8663d6b4f39e
ott-30 16:26:33.756 [main] DEBUG nextflow.Session - Run name: wise_becquerel
ott-30 16:26:33.757 [main] DEBUG nextflow.Session - Executor pool size: 16
ott-30 16:26:33.766 [main] DEBUG nextflow.file.FilePorter - File porter settings maxRetries=3; maxTransfers=50; pollTimeout=null
ott-30 16:26:33.773 [main] DEBUG nextflow.util.ThreadPoolBuilder - Creating thread pool 'FileTransfer' minSize=10; maxSize=48; workQueue=LinkedBlockingQueue[10000]; allowCoreThreadTimeout=false
ott-30 16:26:33.800 [main] DEBUG nextflow.cli.CmdRun - 
  Version: 24.04.4 build 5917
  Created: 01-08-2024 07:05 UTC (09:05 CEST)
  System: Linux 5.15.0-139-generic
  Runtime: Groovy 4.0.21 on OpenJDK 64-Bit Server VM 11.0.27+6-post-Ubuntu-0ubuntu120.04
  Encoding: UTF-8 (UTF-8)
  Process: 87842@3Pi [127.0.1.1]
  CPUs: 16 - Mem: 94.2 GB (742.5 MB) - Swap: 2 GB (2 GB)
ott-30 16:26:33.823 [main] DEBUG nextflow.Session - Work-dir: /home/patrick/projects/Microbion/genomics/assembly/WFs_EPI2ME/wf-ubcg2/work [ext2/ext3]
ott-30 16:26:33.855 [main] DEBUG nextflow.executor.ExecutorFactory - Extension executors providers=[]
ott-30 16:26:33.868 [main] DEBUG nextflow.Session - Observer factory: DefaultObserverFactory
ott-30 16:26:33.929 [main] DEBUG nextflow.cache.CacheFactory - Using Nextflow cache factory: nextflow.cache.DefaultCacheFactory
ott-30 16:26:33.943 [main] DEBUG nextflow.util.CustomThreadPool - Creating default thread pool > poolSize: 17; maxThreads: 1000
ott-30 16:26:34.085 [main] DEBUG nextflow.Session - Session start
ott-30 16:26:34.088 [main] DEBUG nextflow.trace.TraceFileObserver - Workflow started -- trace file: /home/patrick/projects/Microbion/genomics/assembly/WFs_EPI2ME/wf-ubcg2/output/execution/trace.txt
ott-30 16:26:34.097 [main] DEBUG nextflow.Session - Using default localLib path: /home/patrick/projects/Microbion/genomics/assembly/WFs_EPI2ME/wf-ubcg2/lib
ott-30 16:26:34.102 [main] DEBUG nextflow.Session - Adding to the classpath library: /home/patrick/projects/Microbion/genomics/assembly/WFs_EPI2ME/wf-ubcg2/lib
ott-30 16:26:35.530 [main] DEBUG nextflow.script.ScriptRunner - > Launching execution
ott-30 16:26:38.008 [main] INFO  nextflow.Nextflow - 

[0;36m=====================================[0m
[0;34m  epi2me-labs/wf-ubcg2[0m
[0;36m=====================================[0m

Typical pipeline command:

  nextflow run epi2me-labs/wf-ubcg2 \
    # Stage 1 only (UCG extraction): \
    --fasta 'genome.fasta' \
    # Stage 2 only (alignment): \
    --ucg_dir 'ucg_output/' \
    # Both stages: \
    --fasta 'genome.fasta' --ucg_dir 'ucg_output/' \

If you use epi2me-labs/wf-ubcg2 for your analysis please cite:

* The nf-core framework
  https://doi.org/10.1038/s41587-020-0439-x



